Arguments: 
  /usr/local/bin/node /usr/local/Cellar/yarn/1.5.1_1/libexec/bin/yarn.js install

PATH: 
  /usr/local/bin:/usr/bin:/bin:/usr/sbin:/sbin:/Users/chris/Library/Android/sdk:/Users/chris/Library/Android/sdk/tools:/Users/chris/Library/Android/sdk/platform-tools

Yarn version: 
  1.5.1

Node version: 
  8.11.1

Platform: 
  darwin x64

npm manifest: 
  {
    "name": "Chris Ingram",
    "version": "1.0.0",
    "description": "",
    "main": "assemblefile.js",
    "dependencies": {
      "gulp": "^3.9.1",
      "gulp-batch": "^1.0.5",
      "gulp-compile-handlebars": "^0.6.1",
      "gulp-rename": "^1.2.2",
      "gulp-watch": "^4.3.11"
    },
    "devDependencies": {},
    "scripts": {
      "test": "echo \"Error: no test specified\" && exit 1"
    },
    "repository": {
      "type": "git",
      "url": "git+https://github.com/chrisjingram/chrisingramwebsite"
    },
    "author": "",
    "license": "ISC",
    "bugs": {
      "url": "https://github.com/chrisjingram/chrisingramwebsite"
    },
    "homepage": "https://github.com/chrisjingram/chrisingramwebsite"
  }

yarn manifest: 
  No manifest

Lockfile: 
  No lockfile

Trace: 
  Error: package.json: Name contains illegal characters
      at new MessageError (/usr/local/Cellar/yarn/1.5.1_1/libexec/lib/cli.js:186:110)
      at module.exports.exports.default (/usr/local/Cellar/yarn/1.5.1_1/libexec/lib/cli.js:37549:13)
      at /usr/local/Cellar/yarn/1.5.1_1/libexec/lib/cli.js:52434:51
      at Generator.next (<anonymous>)
      at step (/usr/local/Cellar/yarn/1.5.1_1/libexec/lib/cli.js:98:30)
      at /usr/local/Cellar/yarn/1.5.1_1/libexec/lib/cli.js:109:13
      at <anonymous>
